This is e-pTeX, Version 3.14159265-p3.6-141210-2.6 (utf8.euc) (TeX Live 2015) (preloaded format=platex 2015.7.15)  28 JAN 2016 19:49
entering extended mode
 restricted \write18 enabled.
 file:line:error style messages enabled.
 %&-line parsing enabled.
**iapaper.sty
(./iapaper.sty
pLaTeX2e <2006/11/10> (based on LaTeX2e <2015/01/01> patch level 0)
Babel <3.9l> and hyphenation patterns for 79 languages loaded.

./iapaper.sty:51: LaTeX Error: \maketitle undefined.

See the LaTeX manual or LaTeX Companion for explanation.
Type  H <return>  for immediate help.
 ...                                              
                                                  
l.51 \renewcommand{\maketitle}
                              {\thispagestyle{empty} \clearpage \fontsize{12...

? 
./iapaper.sty:51: Emergency stop.
 ...                                              
                                                  
l.51 \renewcommand{\maketitle}
                              {\thispagestyle{empty} \clearpage \fontsize{12...

Try typing  <return>  to proceed.
If that doesn't work, type  X <return>  to quit.

 
Here is how much of TeX's memory you used:
 25 strings out of 493777
 332 string characters out of 6151334
 53795 words of memory out of 5000000
 3612 multiletter control sequences out of 15000+600000
 7519 words of font info for 31 fonts, out of 8000000 for 9000
 929 hyphenation exceptions out of 8191
 7i,0n,6p,236b,14s stack positions out of 5000i,500n,10000p,200000b,80000s
No pages of output.
